-------------------------------------------------------------------------------
Test set: com.rmit.sept.majorproject.majorproject.service.BookingServiceTests
-------------------------------------------------------------------------------
Tests run: 1, Failures: 1, Errors: 0, Skipped: 0, Time elapsed: 1.64 s <<< FAILURE! - in com.rmit.sept.majorproject.majorproject.service.BookingServiceTests
testAddBooking_InvalidDate_Null  Time elapsed: 0.053 s  <<< FAILURE!
org.opentest4j.AssertionFailedError: expected: <null> but was: <com.rmit.sept.majorproject.majorproject.model.Booking@2fbd390>
	at com.rmit.sept.majorproject.majorproject.service.BookingServiceTests.testAddBooking_InvalidDate_Null(BookingServiceTests.java:52)

