<?xml version="1.0" encoding="UTF-8"?>
<testsuite xmlns:xsi="http://www.w3.org/2001/XMLSchema-instance" xsi:noNamespaceSchemaLocation="https://maven.apache.org/surefire/maven-surefire-plugin/xsd/surefire-test-report.xsd" name="com.rmit.sept.majorproject.majorproject.service.BookingServiceTests" time="1.64" tests="1" errors="0" skipped="0" failures="1">
  <properties>
[...]
</properties>
  <testcase name="testAddBooking_InvalidDate_Null" classname="com.rmit.sept.majorproject.majorproject.service.BookingServiceTests" time="0.053">
    <failure message="expected: &lt;null&gt; but was: &lt;com.rmit.sept.majorproject.majorproject.model.Booking@2fbd390&gt;" type="org.opentest4j.AssertionFailedError"><![CDATA[org.opentest4j.AssertionFailedError: expected: <null> but was: <com.rmit.sept.majorproject.majorproject.model.Booking@2fbd390>
	at com.rmit.sept.majorproject.majorproject.service.BookingServiceTests.testAddBooking_InvalidDate_Null(BookingServiceTests.java:52)
]]></failure>
    <system-out><![CDATA[2020-09-18 18:05:17.480  INFO 20020 --- [           main] .b.t.c.SpringBootTestContextBootstrapper : Neither @ContextConfiguration nor @ContextHierarchy found for test class [com.rmit.sept.majorproject.majorproject.service.BookingServiceTests], using SpringBootContextLoader
2020-09-18 18:05:17.481  INFO 20020 --- [           main] o.s.t.c.support.AbstractContextLoader    : Could not detect default resource locations for test class [com.rmit.sept.majorproject.majorproject.service.BookingServiceTests]: no resource found for suffixes {-context.xml, Context.groovy}.
2020-09-18 18:05:17.481  INFO 20020 --- [           main] t.c.s.AnnotationConfigContextLoaderUtils : Could not detect default configuration classes for test class [com.rmit.sept.majorproject.majorproject.service.BookingServiceTests]: BookingServiceTests does not declare any static, non-private, non-final, nested classes annotated with @Configuration.
2020-09-18 18:05:17.499  INFO 20020 --- [           main] .b.t.c.SpringBootTestContextBootstrapper : Found @SpringBootConfiguration com.rmit.sept.majorproject.majorproject.MajorprojectApplication for test class com.rmit.sept.majorproject.majorproject.service.BookingServiceTests
2020-09-18 18:05:17.502  INFO 20020 --- [           main] .b.t.c.SpringBootTestContextBootstrapper : Loaded default TestExecutionListener class names from location [META-INF/spring.factories]: [org.springframework.boot.test.mock.mockito.MockitoTestExecutionListener, org.springframework.boot.test.mock.mockito.ResetMocksTestExecutionListener, org.springframework.boot.test.autoconfigure.restdocs.RestDocsTestExecutionListener, org.springframework.boot.test.autoconfigure.web.client.MockRestServiceServerResetTestExecutionListener, org.springframework.boot.test.autoconfigure.web.servlet.MockMvcPrintOnlyOnFailureTestExecutionListener, org.springframework.boot.test.autoconfigure.web.servlet.WebDriverTestExecutionListener, org.springframework.boot.test.autoconfigure.webservices.client.MockWebServiceServerTestExecutionListener, org.springframework.test.context.web.ServletTestExecutionListener, org.springframework.test.context.support.DirtiesContextBeforeModesTestExecutionListener, org.springframework.test.context.support.DependencyInjectionTestExecutionListener, org.springframework.test.context.support.DirtiesContextTestExecutionListener, org.springframework.test.context.transaction.TransactionalTestExecutionListener, org.springframework.test.context.jdbc.SqlScriptsTestExecutionListener, org.springframework.test.context.event.EventPublishingTestExecutionListener, org.springframework.security.test.context.support.WithSecurityContextTestExecutionListener, org.springframework.security.test.context.support.ReactorContextTestExecutionListener]
2020-09-18 18:05:17.504  INFO 20020 --- [           main] .b.t.c.SpringBootTestContextBootstrapper : Using TestExecutionListeners: [org.springframework.test.context.web.ServletTestExecutionListener@6e24ce51, org.springframework.test.context.support.DirtiesContextBeforeModesTestExecutionListener@423ed3b5, org.springframework.boot.test.mock.mockito.MockitoTestExecutionListener@5d124d29, org.springframework.boot.test.autoconfigure.SpringBootDependencyInjectionTestExecutionListener@3c88191b, org.springframework.test.context.support.DirtiesContextTestExecutionListener@74960e9d, org.springframework.test.context.transaction.TransactionalTestExecutionListener@4001d8c1, org.springframework.test.context.jdbc.SqlScriptsTestExecutionListener@fb5aeed, org.springframework.test.context.event.EventPublishingTestExecutionListener@73893ec1, org.springframework.security.test.context.support.WithSecurityContextTestExecutionListener@37af24cb, org.springframework.security.test.context.support.ReactorContextTestExecutionListener@7926352f, org.springframework.boot.test.mock.mockito.ResetMocksTestExecutionListener@5bc63e20, org.springframework.boot.test.autoconfigure.restdocs.RestDocsTestExecutionListener@61037caf, org.springframework.boot.test.autoconfigure.web.client.MockRestServiceServerResetTestExecutionListener@2fc49538, org.springframework.boot.test.autoconfigure.web.servlet.MockMvcPrintOnlyOnFailureTestExecutionListener@670342a2, org.springframework.boot.test.autoconfigure.web.servlet.WebDriverTestExecutionListener@d5e575c, org.springframework.boot.test.autoconfigure.webservices.client.MockWebServiceServerTestExecutionListener@7742a45c]

  .   ____          _            __ _ _
 /\\ / ___'_ __ _ _(_)_ __  __ _ \ \ \ \
( ( )\___ | '_ | '_| | '_ \/ _` | \ \ \ \
 \\/  ___)| |_)| | | | | || (_| |  ) ) ) )
  '  |____| .__|_| |_|_| |_\__, | / / / /
 =========|_|==============|___/=/_/_/_/
 :: Spring Boot ::        (v2.3.2.RELEASE)

2020-09-18 18:05:17.557  INFO 20020 --- [           main] c.r.s.m.m.service.BookingServiceTests    : Starting BookingServiceTests on DESKTOP-JHK7D8A with PID 20020 (started by shrey in C:\Users\shrey\Documents\SEPT\majorproject-7-tues-14-30-2\BackEnd)
2020-09-18 18:05:17.557  INFO 20020 --- [           main] c.r.s.m.m.service.BookingServiceTests    : No active profile set, falling back to default profiles: default
2020-09-18 18:05:17.847  INFO 20020 --- [           main] .s.d.r.c.RepositoryConfigurationDelegate : Bootstrapping Spring Data JPA repositories in DEFERRED mode.
2020-09-18 18:05:17.875  INFO 20020 --- [           main] .s.d.r.c.RepositoryConfigurationDelegate : Finished Spring Data repository scanning in 27ms. Found 3 JPA repository interfaces.
2020-09-18 18:05:18.165  INFO 20020 --- [           main] o.s.s.concurrent.ThreadPoolTaskExecutor  : Initializing ExecutorService 'applicationTaskExecutor'
2020-09-18 18:05:18.168  INFO 20020 --- [           main] com.zaxxer.hikari.HikariDataSource       : HikariPool-2 - Starting...
2020-09-18 18:05:18.169  INFO 20020 --- [           main] com.zaxxer.hikari.HikariDataSource       : HikariPool-2 - Start completed.
2020-09-18 18:05:18.196  INFO 20020 --- [         task-1] o.hibernate.jpa.internal.util.LogHelper  : HHH000204: Processing PersistenceUnitInfo [name: default]
2020-09-18 18:05:18.203  INFO 20020 --- [         task-1] org.hibernate.dialect.Dialect            : HHH000400: Using dialect: org.hibernate.dialect.H2Dialect
2020-09-18 18:05:18.267  WARN 20020 --- [           main] JpaBaseConfiguration$JpaWebConfiguration : spring.jpa.open-in-view is enabled by default. Therefore, database queries may be performed during view rendering. Explicitly configure spring.jpa.open-in-view to disable this warning
Hibernate: drop table if exists booking CASCADE 
Hibernate: drop table if exists services CASCADE 
Hibernate: drop table if exists user CASCADE 
Hibernate: create table booking (id bigint generated by default as identity, booking_date timestamp, booking_time timestamp, created_at timestamp, duration integer not null, notes varchar(255), updated_at timestamp, assigned_worker varchar(255), service bigint, customer_username varchar(255), primary key (id))
Hibernate: create table services (id bigint generated by default as identity, created_at timestamp, service varchar(255), updated_at timestamp, assigned_worker varchar(255), primary key (id))
Hibernate: create table user (username varchar(255) not null, address varchar(255), contact varchar(255), created_at timestamp, name varchar(255), password varchar(255), role varchar(255), updated_at timestamp, primary key (username))
Hibernate: alter table booking add constraint FKqmojc9fyigq045cv0a7gtqnl foreign key (assigned_worker) references user
Hibernate: alter table booking add constraint FK6jj31lvhxn9e9d6c5l747nci foreign key (service) references services
Hibernate: alter table booking add constraint FKd0pq9649g6umpapypmol3cnvk foreign key (customer_username) references user
Hibernate: alter table services add constraint FKbunhhe1qauol120k0bewp7cmm foreign key (assigned_worker) references user
2020-09-18 18:05:18.314  INFO 20020 --- [         task-1] o.h.e.t.j.p.i.JtaPlatformInitiator       : HHH000490: Using JtaPlatform implementation: [org.hibernate.engine.transaction.jta.platform.internal.NoJtaPlatform]
2020-09-18 18:05:18.314  INFO 20020 --- [         task-1] j.LocalContainerEntityManagerFactoryBean : Initialized JPA EntityManagerFactory for persistence unit 'default'
2020-09-18 18:05:18.367  INFO 20020 --- [           main] o.s.s.web.DefaultSecurityFilterChain     : Creating filter chain: Ant [pattern='/h2-console/**'], []
2020-09-18 18:05:18.679  INFO 20020 --- [           main] o.s.s.web.DefaultSecurityFilterChain     : Creating filter chain: any request, [org.springframework.security.web.context.request.async.WebAsyncManagerIntegrationFilter@a316f6b, org.springframework.security.web.context.SecurityContextPersistenceFilter@10618775, org.springframework.security.web.header.HeaderWriterFilter@65f3e805, org.springframework.web.filter.CorsFilter@63f9ddf9, org.springframework.security.web.authentication.logout.LogoutFilter@5e2a6991, com.rmit.sept.majorproject.majorproject.filters.JwtRequestFilter@25ad25f5, org.springframework.security.web.savedrequest.RequestCacheAwareFilter@5aea8994, org.springframework.security.web.servletapi.SecurityContextHolderAwareRequestFilter@20a3e10c, org.springframework.security.web.authentication.AnonymousAuthenticationFilter@410fc508, org.springframework.security.web.session.SessionManagementFilter@18cf5c52, org.springframework.security.web.access.ExceptionTranslationFilter@282c4da0, org.springframework.security.web.access.intercept.FilterSecurityInterceptor@35e74e08]
2020-09-18 18:05:19.012  INFO 20020 --- [           main] DeferredRepositoryInitializationListener : Triggering deferred initialization of Spring Data repositories…
2020-09-18 18:05:19.088  INFO 20020 --- [           main] DeferredRepositoryInitializationListener : Spring Data repositories initialized!
2020-09-18 18:05:19.093  INFO 20020 --- [           main] c.r.s.m.m.service.BookingServiceTests    : Started BookingServiceTests in 1.587 seconds (JVM running for 7.754)
]]></system-out>
  </testcase>
</testsuite>